<?xml version="1.0" encoding="UTF-8"?>
<testsuite name="Un cliente desea un prestamo de libre inversion para remodelar su vivienda" tests="3" skipped="0" failures="0" errors="0" timestamp="2021-10-05T23:25:55" hostname="DESKTOP-P44GADF" time="0.555">
  <properties/>
  <testcase name="El cliente cuenta con un salario mayor o igual a un salario minimo" classname="Un cliente desea un prestamo de libre inversion para remodelar su vivienda" time="0.461"/>
  <testcase name="El cliente cuenta con un salario menor a un salario minimo" classname="Un cliente desea un prestamo de libre inversion para remodelar su vivienda" time="0.025"/>
  <testcase name="El cliente desea conocer cuanto le puede prestar el banco segun sus ingresos" classname="Un cliente desea un prestamo de libre inversion para remodelar su vivienda" time="0.024"/>
  <system-out><![CDATA[]]></system-out>
  <system-err><![CDATA[[Test worker] INFO net.thucydides.core.steps.ConsoleLoggingListener - 
        __    _____ _____ ____ _____   ____   _    ____  ____  _____ ____  
  _     \ \  |_   _| ____/ ___|_   _| |  _ \ / \  / ___|/ ___|| ____|  _ \ 
 (_)_____| |   | | |  _| \___ \ | |   | |_) / _ \ \___ \\___ \|  _| | | | |
  _|_____| |   | | | |___ ___) || |   |  __/ ___ \ ___) |___) | |___| |_| |
 (_)     | |   |_| |_____|____/ |_|   |_| /_/   \_\____/|____/|_____|____/ 
        /_/                                                                

TEST PASSED: El cliente cuenta con un salario mayor o igual a un salario minimo
----------------------------------------------------------------------------
[Test worker] INFO net.thucydides.core.steps.ConsoleLoggingListener - 
        __    _____ _____ ____ _____   ____   _    ____  ____  _____ ____  
  _     \ \  |_   _| ____/ ___|_   _| |  _ \ / \  / ___|/ ___|| ____|  _ \ 
 (_)_____| |   | | |  _| \___ \ | |   | |_) / _ \ \___ \\___ \|  _| | | | |
  _|_____| |   | | | |___ ___) || |   |  __/ ___ \ ___) |___) | |___| |_| |
 (_)     | |   |_| |_____|____/ |_|   |_| /_/   \_\____/|____/|_____|____/ 
        /_/                                                                

TEST PASSED: El cliente cuenta con un salario menor a un salario minimo
----------------------------------------------------------------------------
[Test worker] INFO net.thucydides.core.steps.ConsoleLoggingListener - 
        __    _____ _____ ____ _____   ____   _    ____  ____  _____ ____  
  _     \ \  |_   _| ____/ ___|_   _| |  _ \ / \  / ___|/ ___|| ____|  _ \ 
 (_)_____| |   | | |  _| \___ \ | |   | |_) / _ \ \___ \\___ \|  _| | | | |
  _|_____| |   | | | |___ ___) || |   |  __/ ___ \ ___) |___) | |___| |_| |
 (_)     | |   |_| |_____|____/ |_|   |_| /_/   \_\____/|____/|_____|____/ 
        /_/                                                                

TEST PASSED: El cliente desea conocer cuanto le puede prestar el banco segun sus ingresos
----------------------------------------------------------------------------
]]></system-err>
</testsuite>
